TN:
SF:src\helper\helper.js
FN:1,randomNumber
FN:6,randomValue
FN:95,randomNumberArray
FN:114,randomStringArray
FNF:4
FNH:3
FNDA:128,randomNumber
FNDA:4,randomValue
FNDA:16,randomNumberArray
FNDA:0,randomStringArray
DA:1,128
DA:2,128
DA:3,128
DA:4,1
DA:5,1
DA:6,4
DA:7,4
DA:8,4
DA:9,4
DA:10,4
DA:11,4
DA:12,4
DA:13,4
DA:14,4
DA:15,4
DA:16,4
DA:17,4
DA:18,4
DA:19,4
DA:20,4
DA:21,4
DA:22,4
DA:23,0
DA:24,0
DA:25,4
DA:26,4
DA:27,4
DA:28,4
DA:29,4
DA:30,4
DA:31,0
DA:32,0
DA:33,0
DA:34,0
DA:35,0
DA:36,0
DA:37,0
DA:38,0
DA:39,0
DA:40,0
DA:41,4
DA:42,4
DA:43,4
DA:44,0
DA:45,4
DA:46,0
DA:47,4
DA:48,0
DA:49,0
DA:50,0
DA:51,0
DA:52,0
DA:53,0
DA:54,0
DA:55,0
DA:56,0
DA:57,0
DA:58,0
DA:59,0
DA:60,0
DA:61,0
DA:62,0
DA:63,0
DA:64,0
DA:65,0
DA:66,0
DA:67,0
DA:68,0
DA:69,4
DA:70,0
DA:71,0
DA:72,0
DA:73,0
DA:74,0
DA:75,0
DA:76,0
DA:77,0
DA:78,0
DA:79,0
DA:80,0
DA:81,0
DA:82,0
DA:83,0
DA:84,0
DA:85,0
DA:86,0
DA:87,0
DA:88,0
DA:89,0
DA:90,0
DA:91,0
DA:92,4
DA:93,4
DA:94,1
DA:95,16
DA:96,16
DA:97,16
DA:98,16
DA:99,16
DA:100,16
DA:101,104
DA:102,104
DA:103,104
DA:104,0
DA:105,0
DA:106,0
DA:107,104
DA:108,104
DA:109,104
DA:110,16
DA:111,16
DA:112,16
DA:113,1
DA:114,0
DA:115,0
DA:116,0
DA:117,0
DA:118,0
DA:119,0
DA:120,0
DA:121,0
DA:122,0
DA:123,0
DA:124,0
DA:125,1
DA:126,1
DA:127,1
DA:128,1
DA:129,1
DA:130,1
DA:131,1
LF:131
LH:60
BRDA:1,0,0,128
BRDA:6,1,0,4
BRDA:21,2,0,0
BRDA:22,3,0,0
BRDA:30,4,0,0
BRDA:43,5,0,0
BRDA:45,6,0,0
BRDA:47,7,0,0
BRDA:69,8,0,0
BRDA:95,9,0,16
BRDA:100,10,0,104
BRDA:103,11,0,0
BRDA:103,12,0,0
BRDA:103,13,0,0
BRF:14
BRH:4
end_of_record
TN:
SF:src\tasks\index.js
FN:6,forEach
FN:18,map
FN:32,reduce
FN:49,upperProps
FN:62,slice
FN:79,createProxy
FN:81,set
FNF:7
FNH:7
FNDA:3,forEach
FNDA:5,map
FNDA:11,reduce
FNDA:1,upperProps
FNDA:17,slice
FNDA:1,createProxy
FNDA:2,set
DA:1,1
DA:2,1
DA:3,1
DA:4,1
DA:5,1
DA:6,3
DA:7,3
DA:8,3
DA:9,22
DA:10,22
DA:11,3
DA:12,1
DA:13,1
DA:14,1
DA:15,1
DA:16,1
DA:17,1
DA:18,5
DA:19,5
DA:20,5
DA:21,5
DA:22,31
DA:23,31
DA:24,5
DA:25,5
DA:26,1
DA:27,1
DA:28,1
DA:29,1
DA:30,1
DA:31,1
DA:32,11
DA:33,11
DA:34,11
DA:35,11
DA:36,11
DA:37,64
DA:38,64
DA:39,11
DA:40,11
DA:41,11
DA:42,1
DA:43,1
DA:44,1
DA:45,1
DA:46,1
DA:47,1
DA:48,1
DA:49,1
DA:50,1
DA:51,1
DA:52,2
DA:53,2
DA:54,1
DA:55,1
DA:56,1
DA:57,1
DA:58,1
DA:59,1
DA:60,1
DA:61,1
DA:62,17
DA:63,17
DA:64,17
DA:65,17
DA:66,17
DA:67,17
DA:68,149
DA:69,149
DA:70,17
DA:71,17
DA:72,17
DA:73,1
DA:74,1
DA:75,1
DA:76,1
DA:77,1
DA:78,1
DA:79,1
DA:80,1
DA:81,1
DA:82,2
DA:83,2
DA:84,2
DA:85,2
DA:86,0
DA:87,0
DA:88,2
DA:89,2
DA:90,1
DA:91,1
DA:92,1
DA:93,1
DA:94,1
DA:95,1
DA:96,1
DA:97,1
DA:98,1
DA:99,1
DA:100,1
LF:100
LH:98
BRDA:6,0,0,3
BRDA:8,1,0,22
BRDA:18,2,0,5
BRDA:21,3,0,31
BRDA:32,4,0,11
BRDA:33,5,0,4
BRDA:33,6,0,7
BRDA:34,7,0,4
BRDA:34,8,0,7
BRDA:36,9,0,64
BRDA:49,10,0,1
BRDA:51,11,0,2
BRDA:62,12,0,17
BRDA:64,13,0,3
BRDA:64,14,0,14
BRDA:65,15,0,5
BRDA:65,16,0,12
BRDA:67,17,0,149
BRDA:79,18,0,1
BRDA:81,19,0,2
BRDA:85,20,0,0
BRF:21
BRH:20
end_of_record
